0 info it worked if it ends with ok
1 verbose cli [ '/usr/local/bin/node',
1 verbose cli   '/usr/local/bin/npm',
1 verbose cli   'run',
1 verbose cli   'seed-database' ]
2 info using npm@3.10.10
3 info using node@v6.11.3
4 verbose run-script [ 'preseed-database', 'seed-database', 'postseed-database' ]
5 info lifecycle reviews-component@1.0.0~preseed-database: reviews-component@1.0.0
6 silly lifecycle reviews-component@1.0.0~preseed-database: no script for preseed-database, continuing
7 info lifecycle reviews-component@1.0.0~seed-database: reviews-component@1.0.0
8 verbose lifecycle reviews-component@1.0.0~seed-database: unsafe-perm in lifecycle true
9 verbose lifecycle reviews-component@1.0.0~seed-database: PATH: /usr/local/lib/node_modules/npm/bin/node-gyp-bin:/Users/angelhernandez/Desktop/reviews-component/node_modules/.bin:/usr/local/bin:/usr/bin:/bin:/usr/sbin:/sbin:/Users/angelhernandez/.rvm/bin
10 verbose lifecycle reviews-component@1.0.0~seed-database: CWD: /Users/angelhernandez/Desktop/reviews-component
11 silly lifecycle reviews-component@1.0.0~seed-database: Args: [ '-c', 'node seed@.js' ]
12 silly lifecycle reviews-component@1.0.0~seed-database: Returned: code: 1  signal: null
13 info lifecycle reviews-component@1.0.0~seed-database: Failed to exec seed-database script
14 verbose stack Error: reviews-component@1.0.0 seed-database: `node seed@.js`
14 verbose stack Exit status 1
14 verbose stack     at EventEmitter.<anonymous> (/usr/local/lib/node_modules/npm/lib/utils/lifecycle.js:255:16)
14 verbose stack     at emitTwo (events.js:106:13)
14 verbose stack     at EventEmitter.emit (events.js:191:7)
14 verbose stack     at ChildProcess.<anonymous> (/usr/local/lib/node_modules/npm/lib/utils/spawn.js:40:14)
14 verbose stack     at emitTwo (events.js:106:13)
14 verbose stack     at ChildProcess.emit (events.js:191:7)
14 verbose stack     at maybeClose (internal/child_process.js:920:16)
14 verbose stack     at Process.ChildProcess._handle.onexit (internal/child_process.js:230:5)
15 verbose pkgid reviews-component@1.0.0
16 verbose cwd /Users/angelhernandez/Desktop/reviews-component
17 error Darwin 16.7.0
18 error argv "/usr/local/bin/node" "/usr/local/bin/npm" "run" "seed-database"
19 error node v6.11.3
20 error npm  v3.10.10
21 error code ELIFECYCLE
22 error reviews-component@1.0.0 seed-database: `node seed@.js`
22 error Exit status 1
23 error Failed at the reviews-component@1.0.0 seed-database script 'node seed@.js'.
23 error Make sure you have the latest version of node.js and npm installed.
23 error If you do, this is most likely a problem with the reviews-component package,
23 error not with npm itself.
23 error Tell the author that this fails on your system:
23 error     node seed@.js
23 error You can get information on how to open an issue for this project with:
23 error     npm bugs reviews-component
23 error Or if that isn't available, you can get their info via:
23 error     npm owner ls reviews-component
23 error There is likely additional logging output above.
24 verbose exit [ 1, true ]
